<?xml version="1.0" encoding="UTF-8"?>
<testng-results ignored="0" total="1" passed="1" failed="0" skipped="0">
  <reporter-output>
  </reporter-output>
  <suite started-at="2020-06-01T22:41:02 CDT" name="Default suite" finished-at="2020-06-01T22:41:19 CDT" duration-ms="16650">
    <groups>
    </groups>
    <test started-at="2020-06-01T22:41:02 CDT" name="Default test" finished-at="2020-06-01T22:41:19 CDT" duration-ms="16650">
      <class name="com.automation.newtours_application.tests.MainpageTest">
        <test-method is-config="true" signature="setup()[pri:0, instance:com.automation.newtours_application.tests.MainpageTest@7f010382]" started-at="2020-06-01T22:41:02 CDT" name="setup" finished-at="2020-06-01T22:41:13 CDT" duration-ms="10767" status="PASS">
          <reporter-output>
          </reporter-output>
        </test-method> <!-- setup -->
        <test-method signature="logintest()[pri:0, instance:com.automation.newtours_application.tests.MainpageTest@7f010382]" started-at="2020-06-01T22:41:13 CDT" name="logintest" finished-at="2020-06-01T22:41:16 CDT" duration-ms="2688" status="PASS">
          <reporter-output>
          </reporter-output>
        </test-method> <!-- logintest -->
        <test-method is-config="true" signature="teardown()[pri:0, instance:com.automation.newtours_application.tests.MainpageTest@7f010382]" started-at="2020-06-01T22:41:16 CDT" name="teardown" finished-at="2020-06-01T22:41:19 CDT" duration-ms="3129" status="PASS">
          <reporter-output>
          </reporter-output>
        </test-method> <!-- teardown -->
      </class> <!-- com.automation.newtours_application.tests.MainpageTest -->
    </test> <!-- Default test -->
  </suite> <!-- Default suite -->
</testng-results>
